13:20:16.407 karate.env system property was:  
13:20:17.619 request:
1 > DELETE https://reqres.in/api/users/2
1 > Accept-Encoding: gzip,deflate
1 > Connection: Keep-Alive
1 > Host: reqres.in
1 > User-Agent: Apache-HttpClient/4.5.12 (Java/1.8.0_301)

13:20:18.376 response time in milliseconds: 756.99
1 < 204
1 < CF-Cache-Status: DYNAMIC
1 < CF-RAY: 6c307a4b6be13c0d-BLR
1 < Connection: keep-alive
1 < Content-Length: 0
1 < Date: Sat, 25 Dec 2021 07:50:18 GMT
1 < Expect-CT: max-age=604800, report-uri="https://report-uri.cloudflare.com/cdn-cgi/beacon/expect-ct"
1 < NEL: {"success_fraction":0,"report_to":"cf-nel","max_age":604800}
1 < Report-To: {"endpoints":[{"url":"https:\/\/a.nel.cloudflare.com\/report\/v3?s=iSeT5OfDarMiJjsENTN1joDLiYW%2FVmBlEDFoqPMfGj%2BxipDrmNMDaFtiQk6FP5bX4MmajeBGos%2BvEAWTfvzjIRR8U8ixxP11%2BTswi1DShufZYOalCfI9ogKzyFA%3D"}],"group":"cf-nel","max_age":604800}
1 < Server: cloudflare
1 < access-control-allow-origin: *
1 < alt-svc: h3=":443"; ma=86400, h3-29=":443"; ma=86400, h3-28=":443"; ma=86400, h3-27=":443"; ma=86400
1 < etag: W/"2-vyGp6PvFo4RvsFtPoIWeCReyIC8"
1 < via: 1.1 vegur
1 < x-powered-by: Express

13:20:18.377 [print] 204
13:20:18.377 [print] 
00, h3-28=":443"; ma=86400, h3-27=":443"; ma=86400
1 < etag: W/"52-st3JWffE/M7GdUU0LOulSPhkLgg"
1 < via: 1.1 vegur
1 < x-powered-by: Express
{"name":"Ramesh","job":"Tester","id":"442","createdAt":"2021-12-25T07:48:56.068Z"}

13:18:56.073 [print] {
  "createdAt": "2021-12-25T07:48:56.068Z",
  "name": "Ramesh",
  "id": "442",
  "job": "Tester"
}

